2026-04-29 12:34:30,946 - NWACS - INFO - 初始化所有Skill学习器
2026-04-29 12:34:30,947 - NWACS - INFO - 初始化Skill学习器: 世界观构造师
2026-04-29 12:34:30,947 - NWACS - INFO - 初始化Skill学习器: 剧情构造师
2026-04-29 12:34:30,947 - NWACS - INFO - 初始化Skill学习器: 角色塑造师
2026-04-29 12:34:30,947 - NWACS - INFO - 初始化Skill学习器: 战斗设计师
2026-04-29 12:34:30,948 - NWACS - INFO - 初始化Skill学习器: 场景构造师
2026-04-29 12:34:30,948 - NWACS - INFO - 初始化Skill学习器: 对话设计师
2026-04-29 12:34:30,948 - NWACS - INFO - 初始化Skill学习器: 写作技巧大师
2026-04-29 12:34:30,948 - NWACS - INFO - 初始化Skill学习器: 去AI痕迹监督官
2026-04-29 12:34:30,948 - NWACS - INFO - 初始化Skill学习器: 质量审计师
2026-04-29 12:34:30,949 - NWACS - INFO - 初始化Skill学习器: 学习大师
2026-04-29 12:34:30,949 - NWACS - INFO - 初始化Skill学习器: 规则掌控者
2026-04-29 12:34:30,949 - NWACS - INFO - 初始化Skill学习器: 词汇大师
2026-04-29 12:34:30,949 - NWACS - INFO - 初始化Skill学习器: 短篇小说爽文大师
2026-04-29 12:34:30,949 - NWACS - INFO - 已初始化 13 个Skill学习器
2026-04-29 12:34:30,950 - NWACS - DEBUG - 世界观构造师 学习循环启动
2026-04-29 12:34:30,950 - NWACS - INFO - 启动Skill学习器: 世界观构造师
2026-04-29 12:34:30,951 - NWACS - INFO - 世界观构造师 正在学习: 玄幻世界构建技巧
2026-04-29 12:34:30,951 - NWACS - DEBUG - 剧情构造师 学习循环启动
2026-04-29 12:34:30,951 - NWACS - DEBUG - 世界观构造师 正在深入学习: 玄幻世界构建技巧
2026-04-29 12:34:30,951 - NWACS - INFO - 启动Skill学习器: 剧情构造师
2026-04-29 12:34:30,951 - NWACS - INFO - 剧情构造师 正在学习: 三幕式结构设计
2026-04-29 12:34:30,952 - NWACS - DEBUG - 角色塑造师 学习循环启动
2026-04-29 12:34:30,952 - NWACS - INFO - 启动Skill学习器: 角色塑造师
2026-04-29 12:34:30,952 - NWACS - DEBUG - 剧情构造师 正在深入学习: 三幕式结构设计
2026-04-29 12:34:30,952 - NWACS - INFO - 角色塑造师 正在学习: 角色性格刻画方法
2026-04-29 12:34:30,952 - NWACS - DEBUG - 战斗设计师 学习循环启动
2026-04-29 12:34:30,952 - NWACS - DEBUG - 角色塑造师 正在深入学习: 角色性格刻画方法
2026-04-29 12:34:30,953 - NWACS - INFO - 启动Skill学习器: 战斗设计师
2026-04-29 12:34:30,953 - NWACS - INFO - 战斗设计师 正在学习: 战斗场景描写技巧
2026-04-29 12:34:30,954 - NWACS - DEBUG - 场景构造师 学习循环启动
2026-04-29 12:34:30,954 - NWACS - INFO - 启动Skill学习器: 场景构造师
2026-04-29 12:34:30,954 - NWACS - DEBUG - 战斗设计师 正在深入学习: 战斗场景描写技巧
2026-04-29 12:34:30,954 - NWACS - INFO - 场景构造师 正在学习: 环境氛围营造
2026-04-29 12:34:30,956 - NWACS - DEBUG - 对话设计师 学习循环启动
2026-04-29 12:34:30,956 - NWACS - DEBUG - 场景构造师 正在深入学习: 环境氛围营造
2026-04-29 12:34:30,956 - NWACS - INFO - 启动Skill学习器: 对话设计师
2026-04-29 12:34:30,956 - NWACS - INFO - 对话设计师 正在学习: 对话个性塑造
2026-04-29 12:34:30,957 - NWACS - DEBUG - 写作技巧大师 学习循环启动
2026-04-29 12:34:30,958 - NWACS - INFO - 启动Skill学习器: 写作技巧大师
2026-04-29 12:34:30,958 - NWACS - DEBUG - 对话设计师 正在深入学习: 对话个性塑造
2026-04-29 12:34:30,958 - NWACS - INFO - 写作技巧大师 正在学习: 风格定位与统一
2026-04-29 12:34:30,959 - NWACS - DEBUG - 写作技巧大师 正在深入学习: 风格定位与统一
2026-04-29 12:34:30,959 - NWACS - DEBUG - 去AI痕迹监督官 学习循环启动
2026-04-29 12:34:30,959 - NWACS - INFO - 启动Skill学习器: 去AI痕迹监督官
2026-04-29 12:34:30,959 - NWACS - INFO - 去AI痕迹监督官 正在学习: AI痕迹识别技巧
2026-04-29 12:34:30,960 - NWACS - DEBUG - 质量审计师 学习循环启动
2026-04-29 12:34:30,960 - NWACS - DEBUG - 去AI痕迹监督官 正在深入学习: AI痕迹识别技巧
2026-04-29 12:34:30,960 - NWACS - INFO - 启动Skill学习器: 质量审计师
2026-04-29 12:34:30,960 - NWACS - INFO - 质量审计师 正在学习: 小说质量评估标准
2026-04-29 12:34:30,962 - NWACS - DEBUG - 学习大师 学习循环启动
2026-04-29 12:34:30,962 - NWACS - INFO - 启动Skill学习器: 学习大师
2026-04-29 12:34:30,962 - NWACS - DEBUG - 质量审计师 正在深入学习: 小说质量评估标准
2026-04-29 12:34:30,962 - NWACS - INFO - 学习大师 正在学习: 网络小说趋势分析
2026-04-29 12:34:30,964 - NWACS - DEBUG - 规则掌控者 学习循环启动
2026-04-29 12:34:30,964 - NWACS - DEBUG - 学习大师 正在深入学习: 网络小说趋势分析
2026-04-29 12:34:30,964 - NWACS - INFO - 启动Skill学习器: 规则掌控者
2026-04-29 12:34:30,964 - NWACS - INFO - 规则掌控者 正在学习: 自然规则设定
2026-04-29 12:34:30,965 - NWACS - DEBUG - 词汇大师 学习循环启动
2026-04-29 12:34:30,965 - NWACS - INFO - 启动Skill学习器: 词汇大师
2026-04-29 12:34:30,965 - NWACS - INFO - 词汇大师 正在学习: 词汇收集与整理
2026-04-29 12:34:30,986 - NWACS - DEBUG - 规则掌控者 正在深入学习: 自然规则设定
2026-04-29 12:34:30,988 - NWACS - DEBUG - 短篇小说爽文大师 学习循环启动
2026-04-29 12:34:30,988 - NWACS - INFO - 启动Skill学习器: 短篇小说爽文大师
2026-04-29 12:34:30,988 - NWACS - DEBUG - 词汇大师 正在深入学习: 词汇收集与整理
2026-04-29 12:34:30,988 - NWACS - INFO - 短篇小说爽文大师 正在学习: 2025 2026 短篇小说爽文类型 爆款
2026-04-29 12:34:30,989 - NWACS - INFO - 所有Skill学习器已启动
2026-04-29 12:34:30,990 - NWACS - DEBUG - 短篇小说爽文大师 正在深入学习: 2025 2026 短篇小说爽文类型 爆款
2026-04-29 12:34:32,953 - NWACS - INFO - 世界观构造师 学习完成
2026-04-29 12:34:32,955 - NWACS - INFO - 剧情构造师 学习完成
2026-04-29 12:34:32,955 - NWACS - INFO - 角色塑造师 学习完成
2026-04-29 12:34:32,956 - NWACS - INFO - 战斗设计师 学习完成
2026-04-29 12:34:32,958 - NWACS - INFO - 场景构造师 学习完成
2026-04-29 12:34:32,960 - NWACS - INFO - 对话设计师 学习完成
2026-04-29 12:34:32,961 - NWACS - INFO - 写作技巧大师 学习完成
2026-04-29 12:34:32,962 - NWACS - INFO - 去AI痕迹监督官 学习完成
2026-04-29 12:34:32,964 - NWACS - INFO - 质量审计师 学习完成
2026-04-29 12:34:32,965 - NWACS - INFO - 学习大师 学习完成
2026-04-29 12:34:32,989 - NWACS - INFO - 规则掌控者 学习完成
2026-04-29 12:34:32,990 - NWACS - INFO - 词汇大师 学习完成
2026-04-29 12:34:32,991 - NWACS - INFO - 短篇小说爽文大师 学习完成
2026-04-29 13:44:04,767 - NWACS - INFO - 开始每日自检...
2026-04-29 13:44:04,767 - NWACS - INFO - 每日自检器已启动
2026-04-29 13:44:04,784 - NWACS - INFO - 开始Skill体检...
2026-04-29 13:44:04,790 - NWACS - ERROR - Exception in 每日Skill体检: KeyError: 'pass'
Traceback (most recent call last):
  File "e:\Program Files (x86)\Trae CN\github\NWACS\src\core\main_system.py", line 46, in run_daily_check
    report = checkup.check_all_skills()
  File "e:\Program Files (x86)\Trae CN\github\NWACS\src\core\skill_checkup.py", line 39, in check_all_skills
    report = self._generate_report([
        file_check,
    ...<2 lines>...
        kb_check
    ])
  File "e:\Program Files (x86)\Trae CN\github\NWACS\src\core\skill_checkup.py", line 245, in _generate_report
    report['summary'][status] += 1
    ~~~~~~~~~~~~~~~~~^^^^^^^^
KeyError: 'pass'
2026-04-29 13:44:04,802 - NWACS - INFO - 自动学习调度器启动
2026-04-29 13:44:04,807 - NWACS - INFO - 空闲监控器已启动，阈值: 600秒
2026-04-29 13:44:04,807 - NWACS - INFO - 检测到电脑空闲（188240秒），触发学习系统
2026-04-29 13:44:04,809 - NWACS - INFO - ============================================================
2026-04-29 13:44:04,811 - NWACS - INFO - 自动学习系统启动 - 2026-04-29 13:44:04.811178
2026-04-29 13:44:04,812 - NWACS - INFO - ============================================================
2026-04-29 13:44:04,835 - NWACS - ERROR - Exception in 创建备份: TypeError: make_archive() got an unexpected keyword argument 'ignore'
Traceback (most recent call last):
  File "e:\Program Files (x86)\Trae CN\github\NWACS\src\core\file_cleanup.py", line 243, in _create_backup
    shutil.make_archive(backup_path, 'zip', self.base_dir,
    ~~~~~~~~~~~~~~~~~~~^^^^^^^^^^^^^^^^^^^^^^^^^^^^^^^^^^^
                        ignore=lambda path, names: ['backup', '.git', '__pycache__'])
                        ^^^^^^^^^^^^^^^^^^^^^^^^^^^^^^^^^^^^^^^^^^^^^^^^^^^^^^^^^^^^^
TypeError: make_archive() got an unexpected keyword argument 'ignore'
2026-04-29 13:44:05,204 - NWACS - INFO - 文件清理完成: 删除 0 个文件，释放 0 B
2026-04-29 13:44:05,204 - NWACS - INFO - 每日自检完成
2026-04-29 13:45:50,392 - NWACS - INFO - 开始每日自检...
2026-04-29 13:45:50,393 - NWACS - INFO - 每日自检器已启动
2026-04-29 13:45:50,407 - NWACS - INFO - 开始Skill体检...
2026-04-29 13:45:50,414 - NWACS - INFO - 自动学习调度器启动
2026-04-29 13:45:50,415 - NWACS - INFO - 空闲监控器已启动，阈值: 600秒
2026-04-29 13:45:50,415 - NWACS - INFO - 体检报告已导出: skill_checkup_report_20260429_134550.json
2026-04-29 13:45:50,415 - NWACS - INFO - 检测到电脑空闲（188346秒），触发学习系统
2026-04-29 13:45:50,416 - NWACS - INFO - Skill体检完成
2026-04-29 13:45:50,416 - NWACS - INFO - ============================================================
2026-04-29 13:45:50,416 - NWACS - INFO - 自动学习系统启动 - 2026-04-29 13:45:50.416560
2026-04-29 13:45:50,416 - NWACS - INFO - ============================================================
2026-04-29 13:45:51,044 - NWACS - INFO - 文件清理完成: 删除 0 个文件，释放 0 B
2026-04-29 13:45:51,045 - NWACS - INFO - 每日自检完成
2026-04-29 13:48:42,773 - NWACS - INFO - 开始每日自检...
2026-04-29 13:48:42,774 - NWACS - INFO - 每日自检器已启动
2026-04-29 13:48:42,782 - NWACS - INFO - 开始Skill体检...
2026-04-29 13:48:42,790 - NWACS - INFO - 自动学习调度器启动
2026-04-29 13:48:42,791 - NWACS - INFO - 体检报告已导出: skill_checkup_report_20260429_134842.json
2026-04-29 13:48:42,791 - NWACS - INFO - 空闲监控器已启动，阈值: 600秒
2026-04-29 13:48:42,791 - NWACS - INFO - Skill体检完成
2026-04-29 13:48:42,792 - NWACS - INFO - 检测到电脑空闲（188518秒），触发学习系统
2026-04-29 13:48:42,792 - NWACS - INFO - ============================================================
2026-04-29 13:48:42,792 - NWACS - INFO - 自动学习系统启动 - 2026-04-29 13:48:42.792728
2026-04-29 13:48:42,792 - NWACS - INFO - ============================================================
2026-04-29 13:48:43,420 - NWACS - INFO - 文件清理完成: 删除 0 个文件，释放 0 B
2026-04-29 13:48:43,420 - NWACS - INFO - 每日自检完成
2026-04-29 13:52:38,827 - NWACS - INFO - 开始每日自检...
2026-04-29 13:52:38,827 - NWACS - INFO - 每日自检器已启动
2026-04-29 13:52:38,836 - NWACS - INFO - 开始Skill体检...
2026-04-29 13:52:38,844 - NWACS - INFO - 体检报告已导出: skill_checkup_report_20260429_135238.json
2026-04-29 13:52:38,845 - NWACS - INFO - Skill体检完成
2026-04-29 13:52:38,845 - NWACS - INFO - 自动学习调度器启动
2026-04-29 13:52:38,845 - NWACS - INFO - 空闲监控器已启动，阈值: 600秒
2026-04-29 13:52:38,846 - NWACS - INFO - 检测到电脑空闲（188754秒），触发学习系统
2026-04-29 13:52:38,846 - NWACS - INFO - ============================================================
2026-04-29 13:52:38,847 - NWACS - INFO - 自动学习系统启动 - 2026-04-29 13:52:38.847333
2026-04-29 13:52:38,847 - NWACS - INFO - ============================================================
2026-04-29 13:52:39,550 - NWACS - INFO - 文件清理完成: 删除 0 个文件，释放 0 B
2026-04-29 13:52:39,550 - NWACS - INFO - 每日自检完成
2026-04-29 13:55:05,852 - NWACS - INFO - 开始每日自检...
2026-04-29 13:55:05,852 - NWACS - INFO - 每日自检器已启动
2026-04-29 13:55:05,861 - NWACS - INFO - 开始Skill体检...
2026-04-29 13:55:05,869 - NWACS - INFO - 自动学习调度器启动
2026-04-29 13:55:05,870 - NWACS - INFO - 空闲监控器已启动，阈值: 600秒
2026-04-29 13:55:05,870 - NWACS - INFO - 检测到电脑空闲（188901秒），触发学习系统
2026-04-29 13:55:05,870 - NWACS - INFO - 体检报告已导出: skill_checkup_report_20260429_135505.json
2026-04-29 13:55:05,871 - NWACS - INFO - ============================================================
2026-04-29 13:55:05,871 - NWACS - INFO - Skill体检完成
2026-04-29 13:55:05,872 - NWACS - INFO - 自动学习系统启动 - 2026-04-29 13:55:05.872046
2026-04-29 13:55:05,872 - NWACS - INFO - ============================================================
2026-04-29 13:55:06,565 - NWACS - INFO - 文件清理完成: 删除 0 个文件，释放 0 B
2026-04-29 13:55:06,565 - NWACS - INFO - 每日自检完成
2026-04-29 13:59:35,587 - NWACS - INFO - 开始每日自检...
2026-04-29 13:59:35,588 - NWACS - INFO - 每日自检器已启动
2026-04-29 13:59:35,600 - NWACS - INFO - 开始Skill体检...
2026-04-29 13:59:35,608 - NWACS - INFO - 体检报告已导出: skill_checkup_report_20260429_135935.json
2026-04-29 13:59:35,608 - NWACS - INFO - Skill体检完成
2026-04-29 13:59:35,611 - NWACS - INFO - 自动学习调度器启动
2026-04-29 13:59:35,611 - NWACS - INFO - 空闲监控器已启动，阈值: 600秒
2026-04-29 13:59:36,230 - NWACS - INFO - 文件清理完成: 删除 0 个文件，释放 0 B
2026-04-29 13:59:36,230 - NWACS - INFO - 每日自检完成
